<?xml version="1.0" encoding="UTF-8"?>
<!-- Generated by org.testng.reporters.JUnitReportReporter -->
<testsuite skipped="0" hostname="USPIT-LT1068" name="com.ui.WeatherInfoPage" tests="1" failures="0" timestamp="2021-09-08T13:57:25 IST" time="0.016" errors="0">
  <testcase name="convertTemp" time="0.016" classname="com.ui.WeatherInfoPage"/>
</testsuite> <!-- com.ui.WeatherInfoPage -->
