<?xml version="1.0" encoding="UTF-8"?>
<!-- Generated by org.testng.reporters.JUnitReportReporter -->
<testsuite skipped="0" hostname="USPIT-LT1068" name="com.util.BaseTestClass" tests="1" failures="0" timestamp="2021-09-07T02:05:35 IST" time="3.130" errors="0">
  <testcase name="runAPI" time="3.130" classname="com.util.BaseTestClass"/>
</testsuite> <!-- com.util.BaseTestClass -->
