<?xml version="1.0" encoding="UTF-8"?>
<!-- Generated by org.testng.reporters.JUnitReportReporter -->
<testsuite skipped="0" hostname="USPIT-LT1068" name="com.ui.BaseTestClass" tests="1" failures="0" timestamp="2021-09-07T02:15:21 IST" time="2.970" errors="0">
  <testcase name="runAPI" time="2.970" classname="com.ui.BaseTestClass"/>
</testsuite> <!-- com.ui.BaseTestClass -->
